\BOOKMARK [1][-]{section.1}{\376\377\000M\000e\000m\000b\000e\000r\000\040\000l\000i\000s\000t\000\040\000\046\000\040\000W\000o\000r\000k\000l\000o\000a\000d}{}% 1
\BOOKMARK [1][-]{section.2}{\376\377\000I\000n\000t\000r\000o\000d\000u\000c\000t\000i\000o\000n\000\040\000T\000o\000\040\000A\000s\000s\000i\000g\000n\000m\000e\000n\000t}{}% 2
\BOOKMARK [1][-]{section.3}{\376\377\000S\000o\000l\000v\000i\000n\000g\000\040\000A\000s\000s\000i\000g\000n\000m\000e\000n\000t\000\040\000P\000r\000o\000b\000l\000e\000m}{}% 3
\BOOKMARK [2][-]{subsection.3.1}{\376\377\000P\000r\000o\000b\000l\000e\000m\000\040\0001}{section.3}% 4
\BOOKMARK [3][-]{subsubsection.3.1.1}{\376\377\000K\000t\000h\000\040\000S\000h\000o\000r\000t\000e\000s\000t\000\040\000P\000a\000t\000h\000\040\000A\000l\000g\000o\000r\000i\000t\000h\000m}{subsection.3.1}% 5
\BOOKMARK [0][-]{subsubsubsection.3.1.1.1}{\376\377\000A\000l\000g\000o\000r\000i\000t\000h\000m}{}% 6
\BOOKMARK [0][-]{subsubsubsection.3.1.1.2}{\376\377\000C\000o\000d\000e\000\040\000I\000n\000p\000u\000t}{}% 7
\BOOKMARK [1][-]{subsubsection.3.1.2}{\376\377\000K\000t\000h\000\040\000S\000h\000o\000r\000t\000e\000s\000t\000\040\000P\000a\000t\000h\000\040\000W\000i\000t\000h\000o\000u\000t\000\040\000L\000o\000o\000p\000s}{subsubsubsection.3.1.1.2}% 8
\BOOKMARK [0][-]{subsubsubsection.3.1.2.1}{\376\377\000A\000l\000g\000o\000r\000i\000t\000h\000m}{}% 9
\BOOKMARK [0][-]{subsubsubsection.3.1.2.2}{\376\377\000C\000o\000d\000e\000\040\000I\000n\000p\000u\000t}{}% 10
\BOOKMARK [1][-]{subsubsection.3.1.3}{\376\377\000S\000h\000o\000r\000t\000e\000s\000t\000\040\000P\000a\000t\000h\000\040\000W\000i\000t\000h\000\040\000C\000o\000n\000s\000t\000r\000a\000i\000n\000t\000\040\000E\000d\000g\000e\000s}{subsubsubsection.3.1.2.2}% 11
\BOOKMARK [0][-]{subsubsubsection.3.1.3.1}{\376\377\000A\000l\000g\000o\000r\000i\000t\000h\000m}{}% 12
\BOOKMARK [0][-]{subsubsubsection.3.1.3.2}{\376\377\000C\000o\000d\000e\000\040\000I\000n\000p\000u\000t}{}% 13
\BOOKMARK [1][-]{subsection.3.2}{\376\377\000P\000r\000o\000b\000l\000e\000m\000\040\0002}{subsubsubsection.3.1.3.2}% 14
\BOOKMARK [2][-]{subsubsection.3.2.1}{\376\377\000M\000a\000x\000i\000m\000u\000m\000\040\000F\000l\000o\000w\000\040\000W\000i\000t\000h\000\040\000F\000o\000r\000d\000-\000F\000u\000l\000k\000e\000r\000s\000o\000n\000\040\000A\000l\000g\000o\000r\000i\000t\000h\000m}{subsection.3.2}% 15
\BOOKMARK [0][-]{subsubsubsection.3.2.1.1}{\376\377\000A\000l\000g\000o\000r\000i\000t\000h\000m}{}% 16
\BOOKMARK [0][-]{subsubsubsection.3.2.1.2}{\376\377\000C\000o\000d\000e\000\040\000I\000n\000p\000u\000t}{}% 17
\BOOKMARK [1][-]{subsubsection.3.2.2}{\376\377\000M\000a\000x\000i\000m\000u\000m\000\040\000F\000l\000o\000w\000\040\000W\000i\000t\000h\000\040\000D\000i\000n\000i\000c\000\040\000A\000l\000g\000o\000r\000i\000t\000h\000m}{subsubsubsection.3.2.1.2}% 18
\BOOKMARK [0][-]{subsubsubsection.3.2.2.1}{\376\377\000A\000l\000g\000o\000r\000i\000t\000h\000m}{}% 19
\BOOKMARK [1][-]{subsubsection.3.2.3}{\376\377\000C\000o\000d\000e\000\040\000I\000n\000p\000u\000t}{subsubsubsection.3.2.2.1}% 20
\BOOKMARK [2][-]{subsubsection.3.2.4}{\376\377\000A\000p\000p\000l\000i\000c\000a\000t\000i\000o\000n}{subsubsection.3.2.3}% 21
\BOOKMARK [0][-]{subsubsubsection.3.2.4.1}{\376\377\000S\000c\000e\000n\000a\000r\000i\000o}{}% 22
\BOOKMARK [0][-]{subsubsubsection.3.2.4.2}{\376\377\000S\000o\000l\000v\000i\000n\000g\000\040\000P\000r\000o\000b\000l\000e\000m}{}% 23
